[debug] [2024-11-15T00:53:38.135Z] ----------------------------------------------------------------------
[debug] [2024-11-15T00:53:38.141Z] Command:       /opt/homebrew/Cellar/node/23.2.0/bin/node /Users/myra.santos/.nvm/versions/node/v18.20.4/bin/firebase init hosting
[debug] [2024-11-15T00:53:38.141Z] CLI Version:   13.24.0
[debug] [2024-11-15T00:53:38.141Z] Platform:      darwin
[debug] [2024-11-15T00:53:38.141Z] Node Version:  v23.2.0
[debug] [2024-11-15T00:53:38.141Z] Time:          Thu Nov 14 2024 16:53:38 GMT-0800 (Pacific Standard Time)
[debug] [2024-11-15T00:53:38.141Z] ----------------------------------------------------------------------
[debug] 
[debug] [2024-11-15T00:53:38.143Z] >>> [apiv2][query] GET https://firebase-public.firebaseio.com/cli.json [none]
[debug] [2024-11-15T00:53:38.158Z] > command requires scopes: ["email","openid","https://www.googleapis.com/auth/cloudplatformprojects.readonly","https://www.googleapis.com/auth/firebase","https://www.googleapis.com/auth/cloud-platform"]
[debug] [2024-11-15T00:53:38.158Z] > authorizing via signed-in user (myra.santos@curaesoft.com)
[info] 
     ######## #### ########  ######## ########     ###     ######  ########
     ##        ##  ##     ## ##       ##     ##  ##   ##  ##       ##
     ######    ##  ########  ######   ########  #########  ######  ######
     ##        ##  ##    ##  ##       ##     ## ##     ##       ## ##
     ##       #### ##     ## ######## ########  ##     ##  ######  ########

You're about to initialize a Firebase project in this directory:

  /Users/myra.santos/my-node-project

[info] 
=== Project Setup
[info] 
[info] First, let's associate this project directory with a Firebase project.
[info] You can create multiple project aliases by running firebase use --add, 
[info] but for now we'll just set up a default project.
[info] 
[debug] [2024-11-15T00:53:38.725Z] <<< [apiv2][status] GET https://firebase-public.firebaseio.com/cli.json 200
[debug] [2024-11-15T00:53:38.725Z] <<< [apiv2][body] GET https://firebase-public.firebaseio.com/cli.json {"cloudBuildErrorAfter":1594252800000,"cloudBuildWarnAfter":1590019200000,"defaultNode10After":1594252800000,"minVersion":"3.0.5","node8DeploysDisabledAfter":1613390400000,"node8RuntimeDisabledAfter":1615809600000,"node8WarnAfter":1600128000000}
[debug] [2024-11-15T00:54:08.968Z] Checked if tokens are valid: false, expires at: 1730995641198
[debug] [2024-11-15T00:54:08.969Z] Checked if tokens are valid: false, expires at: 1730995641198
[debug] [2024-11-15T00:54:08.970Z] > refreshing access token with scopes: []
[debug] [2024-11-15T00:54:08.971Z] >>> [apiv2][query] POST https://www.googleapis.com/oauth2/v3/token [none]
[debug] [2024-11-15T00:54:08.971Z] >>> [apiv2][body] POST https://www.googleapis.com/oauth2/v3/token [omitted]
[debug] [2024-11-15T00:54:09.161Z] <<< [apiv2][status] POST https://www.googleapis.com/oauth2/v3/token 200
[debug] [2024-11-15T00:54:09.162Z] <<< [apiv2][body] POST https://www.googleapis.com/oauth2/v3/token [omitted]
[debug] [2024-11-15T00:54:09.182Z] >>> [apiv2][query] GET https://firebase.googleapis.com/v1beta1/projects pageSize=100
[debug] [2024-11-15T00:54:09.586Z] <<< [apiv2][status] GET https://firebase.googleapis.com/v1beta1/projects 200
[debug] [2024-11-15T00:54:09.586Z] <<< [apiv2][body] GET https://firebase.googleapis.com/v1beta1/projects [omitted]
[info] i  Using project mit-auth-route-90dd6 (MIT-Auth-Route) 
[info] 
=== Hosting Setup
[debug] [2024-11-15T00:56:00.737Z] Checked if tokens are valid: true, expires at: 1731635648162
[debug] [2024-11-15T00:56:00.737Z] Checked if tokens are valid: true, expires at: 1731635648162
[debug] [2024-11-15T00:56:00.737Z] >>> [apiv2][query] GET https://firebase.googleapis.com/v1beta1/projects/mit-auth-route-90dd6 [none]
[debug] [2024-11-15T00:56:01.428Z] <<< [apiv2][status] GET https://firebase.googleapis.com/v1beta1/projects/mit-auth-route-90dd6 200
[debug] [2024-11-15T00:56:01.429Z] <<< [apiv2][body] GET https://firebase.googleapis.com/v1beta1/projects/mit-auth-route-90dd6 {"projectId":"mit-auth-route-90dd6","projectNumber":"68402481907","displayName":"MIT-Auth-Route","name":"projects/mit-auth-route-90dd6","resources":{"hostingSite":"mit-auth-route-90dd6"},"state":"ACTIVE","etag":"1_3010b7c8-c726-4818-94c7-1843ccade370"}
[info] 
[info] Your public directory is the folder (relative to your project directory) that
[info] will contain Hosting assets to be uploaded with firebase deploy. If you
[info] have a build process for your assets, use your build's output directory.
[info] 
